<?xml version="1.0" encoding="UTF-8"?>
<coverage generated="1583940741443" clover="3.2.0">
  <project timestamp="1583940741443" name="All files">
    <metrics statements="5" coveredstatements="4" conditionals="0" coveredconditionals="0" methods="1" coveredmethods="1" elements="6" coveredelements="5" complexity="0" loc="5" ncloc="5" packages="1" files="1" classes="1"/>
    <file name="array-shift.js" path="/Users/rexbergeron/alchemy/career-track/data-structures-and-algorithims/challenges/arrayMap/array-shift/array-shift.js">
      <metrics statements="5" coveredstatements="4" conditionals="0" coveredconditionals="0" methods="1" coveredmethods="1"/>
      <line num="1" count="1" type="stmt"/>
      <line num="2" count="1" type="stmt"/>
      <line num="3" count="0" type="stmt"/>
      <line num="7" count="1" type="stmt"/>
      <line num="9" count="1" type="stmt"/>
    </file>
  </project>
</coverage>
